#
# A fatal error has been detected by the Java Runtime Environment:
#
#  EXCEPTION_ACCESS_VIOLATION (0xc0000005) at pc=0x00007ffc9b5dc8e8, pid=12220, tid=10284
#
# JRE version: OpenJDK Runtime Environment Temurin-17.0.4+8 (17.0.4+8) (build 17.0.4+8)
# Java VM: OpenJDK 64-Bit Server VM Temurin-17.0.4+8 (17.0.4+8, mixed mode, tiered, compressed oops, compressed class ptrs, parallel gc, windows-amd64)
# Problematic frame:
# V  [jvm.dll+0xc8e8]
#
# No core dump will be written. Minidumps are not enabled by default on client versions of Windows
#
# If you would like to submit a bug report, please visit:
#   https://github.com/adoptium/adoptium-support/issues
#

---------------  S U M M A R Y ------------

Command Line: --add-modules=ALL-SYSTEM --add-opens=java.base/java.util=ALL-UNNAMED --add-opens=java.base/java.lang=ALL-UNNAMED --add-opens=java.base/sun.nio.fs=ALL-UNNAMED -Declipse.application=org.eclipse.jdt.ls.core.id1 -Dosgi.bundles.defaultStartLevel=4 -Declipse.product=org.eclipse.jdt.ls.core.product -Djava.import.generatesMetadataFilesAtProjectRoot=false -Dfile.encoding=utf8 -DwatchParentProcess=false -XX:+UseParallelGC -XX:GCTimeRatio=4 -XX:AdaptiveSizePolicyWeight=90 -Dsun.zip.disableMemoryMapping=true -Xmx1G -Xms100m -Xlog:jni+resolve=off -javaagent:c:\Users\sujee\.vscode\extensions\redhat.java-1.10.0-win32-x64\lombok\lombok-1.18.24.jar -XX:+HeapDumpOnOutOfMemoryError -XX:HeapDumpPath=c:\Users\sujee\AppData\Roaming\Code\User\workspaceStorage\3c3b48db70bf1ac783ccb358d33afde3\redhat.java c:\Users\sujee\.vscode\extensions\redhat.java-1.10.0-win32-x64\server\plugins\org.eclipse.equinox.launcher_1.6.400.v20210924-0641.jar -configuration c:\Users\sujee\AppData\Roaming\Code\User\globalStorage\redhat.java\1.10.0\config_win -data c:\Users\sujee\AppData\Roaming\Code\User\workspaceStorage\3c3b48db70bf1ac783ccb358d33afde3\redhat.java\jdt_ws

Host: AMD Ryzen 3 3200U with Radeon Vega Mobile Gfx  , 4 cores, 2G,  Windows 11 , 64 bit Build 22000 (10.0.22000.708)
Time: Sat Sep 24 15:28:09 2022 India Standard Time elapsed time: 149.435115 seconds (0d 0h 2m 29s)

---------------  T H R E A D  ---------------

Current thread (0x000001e20351f1f0):  GCTaskThread "GC Thread#1" [stack: 0x0000001a23400000,0x0000001a23500000] [id=10284]

Stack: [0x0000001a23400000,0x0000001a23500000],  sp=0x0000001a234ff908,  free space=1022k
Native frames: (J=compiled Java code, j=interpreted, Vv=VM code, C=native code)
V  [jvm.dll+0xc8e8]


siginfo: EXCEPTION_ACCESS_VIOLATION (0xc0000005), reading address 0x00000001200407c8


Register to memory mapping:

RIP=0x00007ffc9b5dc8e8 jvm.dll
RAX=0x0000000000000001 is an unknown value
RBX=
[error occurred during error reporting (printing register info), id 0xc0000005, EXCEPTION_ACCESS_VIOLATION (0xc0000005) at pc=0x00007ffc9bc53996]

Registers:
RAX=0x0000000000000001, RBX=0x00000000c14d4ee0, RCX=0x0000000000000003, RDX=0x00000000c14d4ee0
RSP=0x0000001a234ff908, RBP=0x0000001a234ffa10, RSI=0x00000000c14d4ee0, RDI=0x000001e27f2b2c00
R8 =0x00000001200407c0, R9 =0x000000000000a6a7, R10=0x0000000000000052, R11=0x0000000000000003
R12=0x0000000000000000, R13=0x0000001a234ffb80, R14=0x0000000100041df0, R15=0x00000000c14d4ec8
RIP=0x00007ffc9b5dc8e8, EFLAGS=0x0000000000010206

Top of Stack: (sp=0x0000001a234ff908)
0x0000001a234ff908:   00007ffc9bc7a6b2 00000000c14d4e98
0x0000001a234ff918:   0000000000000006 0000001a234ffa10
0x0000001a234ff928:   00007ffc9bc794f9 000001e27f2b2c00
0x0000001a234ff938:   00007ffc9bc77f92 00000000c14d4ee0
0x0000001a234ff948:   0000000100436e00 00000000c09dc8d8
0x0000001a234ff958:   00007ffc9bc7923f 0000000100041de8
0x0000001a234ff968:   00007ffc9bc7880e 00000000c14d4edc
0x0000001a234ff978:   00007ffc9bc79d6e 00000000c14d43e8
0x0000001a234ff988:   00000000c14d4238 00007ffc9c0e26c0
0x0000001a234ff998:   00007ffc9bee98e0 0000000000002864
0x0000001a234ff9a8:   00007ffc9bc7a0a9 00007ffc9bf7e0d8
0x0000001a234ff9b8:   000001e27f2b2c00 0000001a234ffa19
0x0000001a234ff9c8:   000000000000278c 0000000000000000
0x0000001a234ff9d8:   0000000000000000 0000000000000000
0x0000001a234ff9e8:   0000000000000000 0000000000000000
0x0000001a234ff9f8:   0000000000000000 000001e26d533c40 

Instructions: (pc=0x00007ffc9b5dc8e8)
0x00007ffc9b5dc7e8:   48 83 c4 20 5e c3 cc cc 48 8b 01 c3 cc cc cc cc
0x00007ffc9b5dc7f8:   cc cc cc cc cc cc cc cc 4c 8b 01 4c 8b c9 48 8b
0x00007ffc9b5dc808:   0d 03 c3 b4 00 ba 44 60 08 00 e9 59 f2 ff ff cc
0x00007ffc9b5dc818:   cc cc cc cc cc cc cc cc 48 89 5c 24 08 57 48 83
0x00007ffc9b5dc828:   ec 20 48 8b 39 48 8b d9 48 85 3d a1 a0 b9 00 75
0x00007ffc9b5dc838:   0e 48 8b c7 48 8b 5c 24 30 48 83 c4 20 5f c3 48
0x00007ffc9b5dc848:   8b cf e8 91 6f 85 00 48 8b d0 48 85 c0 74 20 48
0x00007ffc9b5dc858:   8b c7 f0 48 0f b1 13 74 16 48 85 05 70 a0 b9 00
0x00007ffc9b5dc868:   74 0d 48 8b c8 f0 48 0f b1 13 48 3b c1 75 ea 48
0x00007ffc9b5dc878:   8b 5c 24 30 48 8b c2 48 83 c4 20 5f c3 cc cc cc
0x00007ffc9b5dc888:   cc cc cc cc cc cc cc cc 4c 8b 01 4c 8b c9 48 8b
0x00007ffc9b5dc898:   0d 73 c2 b4 00 ba 64 60 08 00 e9 c9 f1 ff ff cc
0x00007ffc9b5dc8a8:   cc cc cc cc cc cc cc cc 8b 05 32 0a af 00 c3 cc
0x00007ffc9b5dc8b8:   cc cc cc cc cc cc cc cc 0f b6 05 a8 ca b5 00 48
0x00007ffc9b5dc8c8:   8b d1 84 c0 74 16 44 8b 41 08 8b 0d 10 0a af 00
0x00007ffc9b5dc8d8:   49 d3 e0 4c 03 05 fe 09 af 00 eb 04 4c 8b 41 08
0x00007ffc9b5dc8e8:   45 8b 50 08 45 85 d2 7e 0e 41 f6 c2 01 75 53 41
0x00007ffc9b5dc8f8:   c1 fa 03 41 8b c2 c3 79 49 84 c0 b9 10 00 00 00
0x00007ffc9b5dc908:   8b 05 16 19 af 00 41 b8 0c 00 00 00 41 0f 45 c8
0x00007ffc9b5dc918:   ff c8 4c 63 c8 48 63 14 11 41 8b ca 83 e1 3f 48
0x00007ffc9b5dc928:   d3 e2 41 8b ca 48 c1 f9 10 0f b6 c1 49 8d 0c 11
0x00007ffc9b5dc938:   49 f7 d1 48 03 c1 49 c1 e9 03 48 c1 e8 03 41 23
0x00007ffc9b5dc948:   c1 c3 49 8b 00 49 8b c8 48 ff a0 00 01 00 00 cc
0x00007ffc9b5dc958:   cc cc cc cc cc cc cc cc 8b 44 24 30 45 03 c9 44
0x00007ffc9b5dc968:   2b 4c 24 28 83 c0 0b 44 03 ca 45 03 c8 41 03 c1
0x00007ffc9b5dc978:   c3 cc cc cc cc cc cc cc 4c 8b ca 48 8b d1 45 8b
0x00007ffc9b5dc988:   41 08 45 85 c0 7e 0e 41 f6 c0 01 75 56 41 c1 f8
0x00007ffc9b5dc998:   03 41 8b c0 c3 79 4c 80 3d c9 c9 b5 00 00 b8 0c
0x00007ffc9b5dc9a8:   00 00 00 b9 10 00 00 00 0f 45 c8 8b 05 6b 18 af
0x00007ffc9b5dc9b8:   00 ff c8 4c 63 c8 48 63 14 11 41 8b c8 83 e1 3f
0x00007ffc9b5dc9c8:   48 d3 e2 41 8b c8 48 c1 f9 10 0f b6 c1 49 8d 0c
0x00007ffc9b5dc9d8:   11 49 f7 d1 48 03 c1 49 c1 e9 03 48 c1 e8 03 41 


Stack slot to memory mapping:
stack at sp + 0 slots: 0x00007ffc9bc7a6b2 jvm.dll
stack at sp + 1 slots: 0x00000000c14d4e98 is an oop: [B 
{0x00000000c14d4e98} - klass: {type array byte}
 - length: 27
stack at sp + 2 slots: 0x0000000000000006 is an unknown value
stack at sp + 3 slots: 0x0000001a234ffa10 points into unknown readable memory: 0x00007ffc9bf7e0d8 | d8 e0 f7 9b fc 7f 00 00
stack at sp + 4 slots: 0x00007ffc9bc794f9 jvm.dll
stack at sp + 5 slots: 0x000001e27f2b2c00 points into unknown readable memory: 0x000001e26b3e0150 | 50 01 3e 6b e2 01 00 00
stack at sp + 6 slots: 0x00007ffc9bc77f92 jvm.dll
stack at sp + 7 slots: 
[error occurred during error reporting (inspecting top of stack), id 0xc0000005, EXCEPTION_ACCESS_VIOLATION (0xc0000005) at pc=0x00007ffc9bc53996]


---------------  P R O C E S S  ---------------

Threads class SMR info:
_java_thread_list=0x000001e205cbb9b0, length=29, elements={
0x000001e26d533c40, 0x000001e27f3502c0, 0x000001e27f352f60, 0x000001e27f367070,
0x000001e27f367930, 0x000001e27f3681f0, 0x000001e27f393400, 0x000001e27f3969b0,
0x000001e27f39b6f0, 0x000001e202df2810, 0x000001e26d5f2bb0, 0x000001e20304fb60,
0x000001e203576b80, 0x000001e203886ea0, 0x000001e203889b90, 0x000001e203305470,
0x000001e202fa6a20, 0x000001e204634930, 0x000001e2033d6e60, 0x000001e2033d7800,
0x000001e2033d64c0, 0x000001e2033d6990, 0x000001e2033d7cd0, 0x000001e2033d7330,
0x000001e206a3b670, 0x000001e206a3c4e0, 0x000001e206a3a800, 0x000001e206a3d350,
0x000001e206a3f030
}

Java Threads: ( => current thread )
  0x000001e26d533c40 JavaThread "main" [_thread_blocked, id=7940, stack(0x0000001a22500000,0x0000001a22600000)]
  0x000001e27f3502c0 JavaThread "Reference Handler" daemon [_thread_blocked, id=12836, stack(0x0000001a22800000,0x0000001a22900000)]
  0x000001e27f352f60 JavaThread "Finalizer" daemon [_thread_blocked, id=2444, stack(0x0000001a22900000,0x0000001a22a00000)]
  0x000001e27f367070 JavaThread "Signal Dispatcher" daemon [_thread_blocked, id=7916, stack(0x0000001a22a00000,0x0000001a22b00000)]
  0x000001e27f367930 JavaThread "Attach Listener" daemon [_thread_blocked, id=11640, stack(0x0000001a22b00000,0x0000001a22c00000)]
  0x000001e27f3681f0 JavaThread "Service Thread" daemon [_thread_blocked, id=1784, stack(0x0000001a22c00000,0x0000001a22d00000)]
  0x000001e27f393400 JavaThread "Monitor Deflation Thread" daemon [_thread_blocked, id=11180, stack(0x0000001a22d00000,0x0000001a22e00000)]
  0x000001e27f3969b0 JavaThread "C2 CompilerThread0" daemon [_thread_blocked, id=7292, stack(0x0000001a22e00000,0x0000001a22f00000)]
  0x000001e27f39b6f0 JavaThread "C1 CompilerThread0" daemon [_thread_blocked, id=5132, stack(0x0000001a22f00000,0x0000001a23000000)]
  0x000001e202df2810 JavaThread "Sweeper thread" daemon [_thread_blocked, id=8048, stack(0x0000001a23000000,0x0000001a23100000)]
  0x000001e26d5f2bb0 JavaThread "Common-Cleaner" daemon [_thread_blocked, id=12488, stack(0x0000001a23100000,0x0000001a23200000)]
  0x000001e20304fb60 JavaThread "Notification Thread" daemon [_thread_blocked, id=4752, stack(0x0000001a23200000,0x0000001a23300000)]
  0x000001e203576b80 JavaThread "Active Thread: Equinox Container: 0bd89cb7-635e-42b6-9171-d738fc2250b1" [_thread_blocked, id=5688, stack(0x0000001a23700000,0x0000001a23800000)]
  0x000001e203886ea0 JavaThread "Framework Event Dispatcher: Equinox Container: 0bd89cb7-635e-42b6-9171-d738fc2250b1" daemon [_thread_blocked, id=6596, stack(0x0000001a23800000,0x0000001a23900000)]
  0x000001e203889b90 JavaThread "Start Level: Equinox Container: 0bd89cb7-635e-42b6-9171-d738fc2250b1" daemon [_thread_blocked, id=5500, stack(0x0000001a23900000,0x0000001a23a00000)]
  0x000001e203305470 JavaThread "SCR Component Actor" daemon [_thread_blocked, id=6756, stack(0x0000001a23a00000,0x0000001a23b00000)]
  0x000001e202fa6a20 JavaThread "Bundle File Closer" daemon [_thread_blocked, id=1700, stack(0x0000001a23b00000,0x0000001a23c00000)]
  0x000001e204634930 JavaThread "Worker-JM" [_thread_blocked, id=4172, stack(0x0000001a23d00000,0x0000001a23e00000)]
  0x000001e2033d6e60 JavaThread "Worker-0" [_thread_blocked, id=8920, stack(0x0000001a23e00000,0x0000001a23f00000)]
  0x000001e2033d7800 JavaThread "Worker-1" [_thread_blocked, id=9432, stack(0x0000001a23f00000,0x0000001a24000000)]
  0x000001e2033d64c0 JavaThread "Worker-2" [_thread_blocked, id=5656, stack(0x0000001a22300000,0x0000001a22400000)]
  0x000001e2033d6990 JavaThread "Worker-3" [_thread_blocked, id=2228, stack(0x0000001a22400000,0x0000001a22500000)]
  0x000001e2033d7cd0 JavaThread "Java indexing" daemon [_thread_blocked, id=6784, stack(0x0000001a22200000,0x0000001a22300000)]
  0x000001e2033d7330 JavaThread "pool-1-thread-1" [_thread_blocked, id=5232, stack(0x0000001a24000000,0x0000001a24100000)]
  0x000001e206a3b670 JavaThread "Worker-4" [_thread_blocked, id=10548, stack(0x0000001a24100000,0x0000001a24200000)]
  0x000001e206a3c4e0 JavaThread "ForkJoinPool.commonPool-worker-1" daemon [_thread_blocked, id=3580, stack(0x0000001a23c00000,0x0000001a23d00000)]
  0x000001e206a3a800 JavaThread "ForkJoinPool.commonPool-worker-2" daemon [_thread_blocked, id=10272, stack(0x0000001a24200000,0x0000001a24300000)]
  0x000001e206a3d350 JavaThread "ForkJoinPool.commonPool-worker-3" daemon [_thread_blocked, id=5320, stack(0x0000001a24500000,0x0000001a24600000)]
  0x000001e206a3f030 JavaThread "Thread-4" daemon [_thread_blocked, id=1284, stack(0x0000001a24600000,0x0000001a24700000)]

Other Threads:
  0x000001e27f3395d0 VMThread "VM Thread" [stack: 0x0000001a22700000,0x0000001a22800000] [id=12704]
  0x000001e20304d6e0 WatcherThread [stack: 0x0000001a23300000,0x0000001a23400000] [id=3036]
  0x000001e26d54ada0 GCTaskThread "GC Thread#0" [stack: 0x0000001a22600000,0x0000001a22700000] [id=11184]
=>0x000001e20351f1f0 GCTaskThread "GC Thread#1" [stack: 0x0000001a23400000,0x0000001a23500000] [id=10284]
  0x000001e20351f4a0 GCTaskThread "GC Thread#2" [stack: 0x0000001a23500000,0x0000001a23600000] [id=9640]
  0x000001e203399030 GCTaskThread "GC Thread#3" [stack: 0x0000001a23600000,0x0000001a23700000] [id=5584]

Threads with active compile tasks:
C2 CompilerThread0   149583 8788       4       com.google.gson.internal.LinkedTreeMap::put (35 bytes)

VM state: at safepoint (normal execution)

VM Mutex/Monitor currently owned by a thread:  ([mutex/lock_event])
[0x000001e26d531a40] Threads_lock - owner thread: 0x000001e27f3395d0
[0x000001e26d531ad0] Heap_lock - owner thread: 0x000001e206a3f030

Heap address: 0x00000000c0000000, size: 1024 MB, Compressed Oops mode: 32-bit

CDS archive(s) not mapped
Compressed class space mapped at: 0x0000000100000000-0x0000000140000000, reserved size: 1073741824
Narrow klass base: 0x0000000000000000, Narrow klass shift: 3, Narrow klass range: 0x140000000

GC Precious Log:
 CPUs: 4 total, 4 available
 Memory: 2964M
 Large Page Support: Disabled
 NUMA Support: Disabled
 Compressed Oops: Enabled (32-bit)
 Alignments: Space 512K, Generation 512K, Heap 2M
 Heap Min Capacity: 100M
 Heap Initial Capacity: 100M
 Heap Max Capacity: 1G
 Pre-touch: Disabled
 Parallel Workers: 4

Heap:
 PSYoungGen      total 6144K, used 2560K [0x00000000eab00000, 0x00000000edf00000, 0x0000000100000000)
  eden space 3584K, 0% used [0x00000000eab00000,0x00000000eab00000,0x00000000eae80000)
  from space 2560K, 100% used [0x00000000ebf80000,0x00000000ec200000,0x00000000ec200000)
  to   space 17408K, 0% used [0x00000000eae80000,0x00000000eae80000,0x00000000ebf80000)
 ParOldGen       total 90112K, used 89977K [0x00000000c0000000, 0x00000000c5800000, 0x00000000eab00000)
  object space 90112K, 99% used [0x00000000c0000000,0x00000000c57de5c8,0x00000000c5800000)
 Metaspace       used 63242K, committed 64128K, reserved 1114112K
  class space    used 6586K, committed 6912K, reserved 1048576K

Card table byte_map: [0x000001e26cf20000,0x000001e26d130000] _byte_map_base: 0x000001e26c920000

Marking Bits: (ParMarkBitMap*) 0x00007ffc9c152cd0
 Begin Bits: [0x000001e200000000, 0x000001e201000000)
 End Bits:   [0x000001e201000000, 0x000001e202000000)

Polling page: 0x000001e26cd10000

Metaspace:

Usage:
  Non-class:     55.33 MB used.
      Class:      6.43 MB used.
       Both:     61.76 MB used.

Virtual space:
  Non-class space:       64.00 MB reserved,      55.88 MB ( 87%) committed,  8 nodes.
      Class space:        1.00 GB reserved,       6.75 MB ( <1%) committed,  1 nodes.
             Both:        1.06 GB reserved,      62.62 MB (  6%) committed. 

Chunk freelists:
   Non-Class:  3.58 MB
       Class:  1.13 MB
        Both:  4.71 MB

MaxMetaspaceSize: unlimited
CompressedClassSpaceSize: 1.00 GB
Initial GC threshold: 21.00 MB
Current GC threshold: 97.31 MB
CDS: off
MetaspaceReclaimPolicy: balanced
 - commit_granule_bytes: 65536.
 - commit_granule_words: 8192.
 - virtual_space_node_default_size: 1048576.
 - enlarge_chunks_in_place: 1.
 - new_chunks_are_fully_committed: 0.
 - uncommit_free_chunks: 1.
 - use_allocation_guard: 0.
 - handle_deallocations: 1.


Internal statistics:

num_allocs_failed_limit: 9.
num_arena_births: 420.
num_arena_deaths: 14.
num_vsnodes_births: 9.
num_vsnodes_deaths: 0.
num_space_committed: 1002.
num_space_uncommitted: 0.
num_chunks_returned_to_freelist: 23.
num_chunks_taken_from_freelist: 2708.
num_chunk_merges: 10.
num_chunk_splits: 1778.
num_chunks_enlarged: 1158.
num_purges: 2.
num_inconsistent_stats: 0.

CodeHeap 'non-profiled nmethods': size=120000Kb used=4082Kb max_used=4082Kb free=115917Kb
 bounds [0x000001e277ca0000, 0x000001e2780a0000, 0x000001e27f1d0000]
CodeHeap 'profiled nmethods': size=120000Kb used=16226Kb max_used=16226Kb free=103773Kb
 bounds [0x000001e270770000, 0x000001e271750000, 0x000001e277ca0000]
CodeHeap 'non-nmethods': size=5760Kb used=1346Kb max_used=1411Kb free=4413Kb
 bounds [0x000001e2701d0000, 0x000001e270440000, 0x000001e270770000]
 total_blobs=8109 nmethods=7424 adapters=597
 compilation: enabled
              stopped_count=0, restarted_count=0
 full_count=0

Compilation events (20 events):
Event: 148.465 Thread 0x000001e27f39b6f0 8768       3       com.google.gson.internal.$Gson$Types::equal (23 bytes)
Event: 148.466 Thread 0x000001e27f39b6f0 nmethod 8768 0x000001e271275990 code [0x000001e271275b40, 0x000001e271275da8]
Event: 148.466 Thread 0x000001e27f39b6f0 8778       3       com.google.gson.internal.ConstructorConstructor$13::construct (8 bytes)
Event: 148.466 Thread 0x000001e27f39b6f0 nmethod 8778 0x000001e271747310 code [0x000001e2717474c0, 0x000001e2717476c8]
Event: 148.466 Thread 0x000001e27f39b6f0 8769       1       com.google.gson.internal.$Gson$Types$ParameterizedTypeImpl::getOwnerType (5 bytes)
Event: 148.466 Thread 0x000001e27f39b6f0 nmethod 8769 0x000001e278093390 code [0x000001e278093520, 0x000001e2780935f8]
Event: 148.495 Thread 0x000001e27f39b6f0 8785       2       java.util.regex.Pattern::atom (422 bytes)
Event: 148.496 Thread 0x000001e27f39b6f0 nmethod 8785 0x000001e271747790 code [0x000001e271747a20, 0x000001e271748348]
Event: 148.501 Thread 0x000001e27f3969b0 nmethod 8760 0x000001e278093690 code [0x000001e278093980, 0x000001e278096d50]
Event: 148.502 Thread 0x000001e27f3969b0 8781       4       com.google.gson.internal.bind.ArrayTypeAdapter::read (109 bytes)
Event: 148.503 Thread 0x000001e27f39b6f0 8787       2       java.lang.invoke.MethodType::dropParameterTypes (164 bytes)
Event: 148.504 Thread 0x000001e27f39b6f0 nmethod 8787 0x000001e271748810 code [0x000001e271748a60, 0x000001e271749048]
Event: 148.523 Thread 0x000001e27f3969b0 nmethod 8781 0x000001e278098890 code [0x000001e278098aa0, 0x000001e2780995f0]
Event: 148.523 Thread 0x000001e27f3969b0 8786       4       com.google.gson.internal.LinkedTreeMap::find (276 bytes)
Event: 148.534 Thread 0x000001e27f3969b0 nmethod 8786 0x000001e278099e90 code [0x000001e27809a060, 0x000001e27809a928]
Event: 148.534 Thread 0x000001e27f3969b0 8791       4       com.google.gson.internal.LinkedTreeMap::rebalance (379 bytes)
Event: 148.548 Thread 0x000001e27f3969b0 nmethod 8791 0x000001e27809ad90 code [0x000001e27809af20, 0x000001e27809b9b8]
Event: 148.549 Thread 0x000001e27f3969b0 8794       4       java.io.BufferedInputStream::read1 (108 bytes)
Event: 148.555 Thread 0x000001e27f3969b0 nmethod 8794 0x000001e27809bc90 code [0x000001e27809be20, 0x000001e27809c558]
Event: 148.555 Thread 0x000001e27f3969b0 8788       4       com.google.gson.internal.LinkedTreeMap::put (35 bytes)

GC Heap History (20 events):
Event: 131.397 GC heap after
{Heap after GC invocations=28 (full 2):
 PSYoungGen      total 21504K, used 2155K [0x00000000eab00000, 0x00000000ec280000, 0x0000000100000000)
  eden space 18944K, 0% used [0x00000000eab00000,0x00000000eab00000,0x00000000ebd80000)
  from space 2560K, 84% used [0x00000000ec000000,0x00000000ec21add0,0x00000000ec280000)
  to   space 2560K, 0% used [0x00000000ebd80000,0x00000000ebd80000,0x00000000ec000000)
 ParOldGen       total 68608K, used 35528K [0x00000000c0000000, 0x00000000c4300000, 0x00000000eab00000)
  object space 68608K, 51% used [0x00000000c0000000,0x00000000c22b2170,0x00000000c4300000)
 Metaspace       used 58987K, committed 59776K, reserved 1105920K
  class space    used 6224K, committed 6592K, reserved 1048576K
}
Event: 131.397 GC heap before
{Heap before GC invocations=29 (full 3):
 PSYoungGen      total 21504K, used 2155K [0x00000000eab00000, 0x00000000ec280000, 0x0000000100000000)
  eden space 18944K, 0% used [0x00000000eab00000,0x00000000eab00000,0x00000000ebd80000)
  from space 2560K, 84% used [0x00000000ec000000,0x00000000ec21add0,0x00000000ec280000)
  to   space 2560K, 0% used [0x00000000ebd80000,0x00000000ebd80000,0x00000000ec000000)
 ParOldGen       total 68608K, used 35528K [0x00000000c0000000, 0x00000000c4300000, 0x00000000eab00000)
  object space 68608K, 51% used [0x00000000c0000000,0x00000000c22b2170,0x00000000c4300000)
 Metaspace       used 58987K, committed 59776K, reserved 1105920K
  class space    used 6224K, committed 6592K, reserved 1048576K
}
Event: 131.518 GC heap after
{Heap after GC invocations=29 (full 3):
 PSYoungGen      total 21504K, used 0K [0x00000000eab00000, 0x00000000ec280000, 0x0000000100000000)
  eden space 18944K, 0% used [0x00000000eab00000,0x00000000eab00000,0x00000000ebd80000)
  from space 2560K, 0% used [0x00000000ec000000,0x00000000ec000000,0x00000000ec280000)
  to   space 2560K, 0% used [0x00000000ebd80000,0x00000000ebd80000,0x00000000ec000000)
 ParOldGen       total 68608K, used 34148K [0x00000000c0000000, 0x00000000c4300000, 0x00000000eab00000)
  object space 68608K, 49% used [0x00000000c0000000,0x00000000c2159168,0x00000000c4300000)
 Metaspace       used 58987K, committed 59776K, reserved 1105920K
  class space    used 6224K, committed 6592K, reserved 1048576K
}
Event: 132.491 GC heap before
{Heap before GC invocations=30 (full 3):
 PSYoungGen      total 21504K, used 17779K [0x00000000eab00000, 0x00000000ec280000, 0x0000000100000000)
  eden space 18944K, 93% used [0x00000000eab00000,0x00000000ebc5ce58,0x00000000ebd80000)
  from space 2560K, 0% used [0x00000000ec000000,0x00000000ec000000,0x00000000ec280000)
  to   space 2560K, 0% used [0x00000000ebd80000,0x00000000ebd80000,0x00000000ec000000)
 ParOldGen       total 68608K, used 34148K [0x00000000c0000000, 0x00000000c4300000, 0x00000000eab00000)
  object space 68608K, 49% used [0x00000000c0000000,0x00000000c2159168,0x00000000c4300000)
 Metaspace       used 59319K, committed 60096K, reserved 1105920K
  class space    used 6246K, committed 6592K, reserved 1048576K
}
Event: 132.494 GC heap after
{Heap after GC invocations=30 (full 3):
 PSYoungGen      total 19968K, used 896K [0x00000000eab00000, 0x00000000ec080000, 0x0000000100000000)
  eden space 18944K, 0% used [0x00000000eab00000,0x00000000eab00000,0x00000000ebd80000)
  from space 1024K, 87% used [0x00000000ebd80000,0x00000000ebe60000,0x00000000ebe80000)
  to   space 1536K, 0% used [0x00000000ebf00000,0x00000000ebf00000,0x00000000ec080000)
 ParOldGen       total 68608K, used 34156K [0x00000000c0000000, 0x00000000c4300000, 0x00000000eab00000)
  object space 68608K, 49% used [0x00000000c0000000,0x00000000c215b168,0x00000000c4300000)
 Metaspace       used 59319K, committed 60096K, reserved 1105920K
  class space    used 6246K, committed 6592K, reserved 1048576K
}
Event: 133.631 GC heap before
{Heap before GC invocations=31 (full 3):
 PSYoungGen      total 19968K, used 19840K [0x00000000eab00000, 0x00000000ec080000, 0x0000000100000000)
  eden space 18944K, 100% used [0x00000000eab00000,0x00000000ebd80000,0x00000000ebd80000)
  from space 1024K, 87% used [0x00000000ebd80000,0x00000000ebe60000,0x00000000ebe80000)
  to   space 1536K, 0% used [0x00000000ebf00000,0x00000000ebf00000,0x00000000ec080000)
 ParOldGen       total 68608K, used 34156K [0x00000000c0000000, 0x00000000c4300000, 0x00000000eab00000)
  object space 68608K, 49% used [0x00000000c0000000,0x00000000c215b168,0x00000000c4300000)
 Metaspace       used 60211K, committed 61056K, reserved 1105920K
  class space    used 6292K, committed 6656K, reserved 1048576K
}
Event: 133.634 GC heap after
{Heap after GC invocations=31 (full 3):
 PSYoungGen      total 20480K, used 1407K [0x00000000eab00000, 0x00000000ec080000, 0x0000000100000000)
  eden space 18944K, 0% used [0x00000000eab00000,0x00000000eab00000,0x00000000ebd80000)
  from space 1536K, 91% used [0x00000000ebf00000,0x00000000ec05fcb8,0x00000000ec080000)
  to   space 1536K, 0% used [0x00000000ebd80000,0x00000000ebd80000,0x00000000ebf00000)
 ParOldGen       total 68608K, used 35015K [0x00000000c0000000, 0x00000000c4300000, 0x00000000eab00000)
  object space 68608K, 51% used [0x00000000c0000000,0x00000000c2231fe8,0x00000000c4300000)
 Metaspace       used 60211K, committed 61056K, reserved 1105920K
  class space    used 6292K, committed 6656K, reserved 1048576K
}
Event: 139.143 GC heap before
{Heap before GC invocations=32 (full 3):
 PSYoungGen      total 20480K, used 20351K [0x00000000eab00000, 0x00000000ec080000, 0x0000000100000000)
  eden space 18944K, 100% used [0x00000000eab00000,0x00000000ebd80000,0x00000000ebd80000)
  from space 1536K, 91% used [0x00000000ebf00000,0x00000000ec05fcb8,0x00000000ec080000)
  to   space 1536K, 0% used [0x00000000ebd80000,0x00000000ebd80000,0x00000000ebf00000)
 ParOldGen       total 68608K, used 35015K [0x00000000c0000000, 0x00000000c4300000, 0x00000000eab00000)
  object space 68608K, 51% used [0x00000000c0000000,0x00000000c2231fe8,0x00000000c4300000)
 Metaspace       used 60636K, committed 61440K, reserved 1105920K
  class space    used 6312K, committed 6720K, reserved 1048576K
}
Event: 139.146 GC heap after
{Heap after GC invocations=32 (full 3):
 PSYoungGen      total 19456K, used 384K [0x00000000eab00000, 0x00000000ebf80000, 0x0000000100000000)
  eden space 18944K, 0% used [0x00000000eab00000,0x00000000eab00000,0x00000000ebd80000)
  from space 512K, 75% used [0x00000000ebd80000,0x00000000ebde0000,0x00000000ebe00000)
  to   space 1024K, 0% used [0x00000000ebe80000,0x00000000ebe80000,0x00000000ebf80000)
 ParOldGen       total 68608K, used 36388K [0x00000000c0000000, 0x00000000c4300000, 0x00000000eab00000)
  object space 68608K, 53% used [0x00000000c0000000,0x00000000c2389250,0x00000000c4300000)
 Metaspace       used 60636K, committed 61440K, reserved 1105920K
  class space    used 6312K, committed 6720K, reserved 1048576K
}
Event: 145.161 GC heap before
{Heap before GC invocations=33 (full 3):
 PSYoungGen      total 19456K, used 19328K [0x00000000eab00000, 0x00000000ebf80000, 0x0000000100000000)
  eden space 18944K, 100% used [0x00000000eab00000,0x00000000ebd80000,0x00000000ebd80000)
  from space 512K, 75% used [0x00000000ebd80000,0x00000000ebde0000,0x00000000ebe00000)
  to   space 1024K, 0% used [0x00000000ebe80000,0x00000000ebe80000,0x00000000ebf80000)
 ParOldGen       total 68608K, used 36388K [0x00000000c0000000, 0x00000000c4300000, 0x00000000eab00000)
  object space 68608K, 53% used [0x00000000c0000000,0x00000000c2389250,0x00000000c4300000)
 Metaspace       used 60872K, committed 61696K, reserved 1105920K
  class space    used 6317K, committed 6720K, reserved 1048576K
}
Event: 145.162 GC heap after
{Heap after GC invocations=33 (full 3):
 PSYoungGen      total 19968K, used 656K [0x00000000eab00000, 0x00000000ebf80000, 0x0000000100000000)
  eden space 18944K, 0% used [0x00000000eab00000,0x00000000eab00000,0x00000000ebd80000)
  from space 1024K, 64% used [0x00000000ebe80000,0x00000000ebf24010,0x00000000ebf80000)
  to   space 1024K, 0% used [0x00000000ebd80000,0x00000000ebd80000,0x00000000ebe80000)
 ParOldGen       total 68608K, used 36588K [0x00000000c0000000, 0x00000000c4300000, 0x00000000eab00000)
  object space 68608K, 53% used [0x00000000c0000000,0x00000000c23bb250,0x00000000c4300000)
 Metaspace       used 60872K, committed 61696K, reserved 1105920K
  class space    used 6317K, committed 6720K, reserved 1048576K
}
Event: 146.218 GC heap before
{Heap before GC invocations=34 (full 3):
 PSYoungGen      total 19968K, used 19600K [0x00000000eab00000, 0x00000000ebf80000, 0x0000000100000000)
  eden space 18944K, 100% used [0x00000000eab00000,0x00000000ebd80000,0x00000000ebd80000)
  from space 1024K, 64% used [0x00000000ebe80000,0x00000000ebf24010,0x00000000ebf80000)
  to   space 1024K, 0% used [0x00000000ebd80000,0x00000000ebd80000,0x00000000ebe80000)
 ParOldGen       total 68608K, used 36588K [0x00000000c0000000, 0x00000000c4300000, 0x00000000eab00000)
  object space 68608K, 53% used [0x00000000c0000000,0x00000000c23bb250,0x00000000c4300000)
 Metaspace       used 61375K, committed 62208K, reserved 1105920K
  class space    used 6343K, committed 6720K, reserved 1048576K
}
Event: 146.222 GC heap after
{Heap after GC invocations=34 (full 3):
 PSYoungGen      total 19968K, used 1003K [0x00000000eab00000, 0x00000000ec280000, 0x0000000100000000)
  eden space 18944K, 0% used [0x00000000eab00000,0x00000000eab00000,0x00000000ebd80000)
  from space 1024K, 98% used [0x00000000ebd80000,0x00000000ebe7af48,0x00000000ebe80000)
  to   space 2560K, 0% used [0x00000000ec000000,0x00000000ec000000,0x00000000ec280000)
 ParOldGen       total 68608K, used 37595K [0x00000000c0000000, 0x00000000c4300000, 0x00000000eab00000)
  object space 68608K, 54% used [0x00000000c0000000,0x00000000c24b6ef8,0x00000000c4300000)
 Metaspace       used 61375K, committed 62208K, reserved 1105920K
  class space    used 6343K, committed 6720K, reserved 1048576K
}
Event: 148.372 GC heap before
{Heap before GC invocations=35 (full 3):
 PSYoungGen      total 19968K, used 19885K [0x00000000eab00000, 0x00000000ec280000, 0x0000000100000000)
  eden space 18944K, 99% used [0x00000000eab00000,0x00000000ebd70790,0x00000000ebd80000)
  from space 1024K, 98% used [0x00000000ebd80000,0x00000000ebe7af48,0x00000000ebe80000)
  to   space 2560K, 0% used [0x00000000ec000000,0x00000000ec000000,0x00000000ec280000)
 ParOldGen       total 68608K, used 37595K [0x00000000c0000000, 0x00000000c4300000, 0x00000000eab00000)
  object space 68608K, 54% used [0x00000000c0000000,0x00000000c24b6ef8,0x00000000c4300000)
 Metaspace       used 62942K, committed 63808K, reserved 1114112K
  class space    used 6558K, committed 6912K, reserved 1048576K
}
Event: 148.377 GC heap after
{Heap after GC invocations=35 (full 3):
 PSYoungGen      total 20992K, used 2437K [0x00000000eab00000, 0x00000000ec380000, 0x0000000100000000)
  eden space 18432K, 0% used [0x00000000eab00000,0x00000000eab00000,0x00000000ebd00000)
  from space 2560K, 95% used [0x00000000ec000000,0x00000000ec261518,0x00000000ec280000)
  to   space 3072K, 0% used [0x00000000ebd00000,0x00000000ebd00000,0x00000000ec000000)
 ParOldGen       total 68608K, used 39788K [0x00000000c0000000, 0x00000000c4300000, 0x00000000eab00000)
  object space 68608K, 57% used [0x00000000c0000000,0x00000000c26db008,0x00000000c4300000)
 Metaspace       used 62942K, committed 63808K, reserved 1114112K
  class space    used 6558K, committed 6912K, reserved 1048576K
}
Event: 148.479 GC heap before
{Heap before GC invocations=36 (full 3):
 PSYoungGen      total 20992K, used 20869K [0x00000000eab00000, 0x00000000ec380000, 0x0000000100000000)
  eden space 18432K, 100% used [0x00000000eab00000,0x00000000ebd00000,0x00000000ebd00000)
  from space 2560K, 95% used [0x00000000ec000000,0x00000000ec261518,0x00000000ec280000)
  to   space 3072K, 0% used [0x00000000ebd00000,0x00000000ebd00000,0x00000000ec000000)
 ParOldGen       total 79872K, used 77126K [0x00000000c0000000, 0x00000000c4e00000, 0x00000000eab00000)
  object space 79872K, 96% used [0x00000000c0000000,0x00000000c4b51b58,0x00000000c4e00000)
 Metaspace       used 63052K, committed 63936K, reserved 1114112K
  class space    used 6565K, committed 6912K, reserved 1048576K
}
Event: 148.484 GC heap after
{Heap after GC invocations=36 (full 3):
 PSYoungGen      total 20992K, used 2443K [0x00000000eab00000, 0x00000000ec200000, 0x0000000100000000)
  eden space 18432K, 0% used [0x00000000eab00000,0x00000000eab00000,0x00000000ebd00000)
  from space 2560K, 95% used [0x00000000ebd00000,0x00000000ebf62cb0,0x00000000ebf80000)
  to   space 2560K, 0% used [0x00000000ebf80000,0x00000000ebf80000,0x00000000ec200000)
 ParOldGen       total 79872K, used 77681K [0x00000000c0000000, 0x00000000c4e00000, 0x00000000eab00000)
  object space 79872K, 97% used [0x00000000c0000000,0x00000000c4bdc5c8,0x00000000c4e00000)
 Metaspace       used 63052K, committed 63936K, reserved 1114112K
  class space    used 6565K, committed 6912K, reserved 1048576K
}
Event: 148.555 GC heap before
{Heap before GC invocations=37 (full 3):
 PSYoungGen      total 20992K, used 20875K [0x00000000eab00000, 0x00000000ec200000, 0x0000000100000000)
  eden space 18432K, 100% used [0x00000000eab00000,0x00000000ebd00000,0x00000000ebd00000)
  from space 2560K, 95% used [0x00000000ebd00000,0x00000000ebf62cb0,0x00000000ebf80000)
  to   space 2560K, 0% used [0x00000000ebf80000,0x00000000ebf80000,0x00000000ec200000)
 ParOldGen       total 79872K, used 77681K [0x00000000c0000000, 0x00000000c4e00000, 0x00000000eab00000)
  object space 79872K, 97% used [0x00000000c0000000,0x00000000c4bdc5c8,0x00000000c4e00000)
 Metaspace       used 63242K, committed 64128K, reserved 1114112K
  class space    used 6586K, committed 6912K, reserved 1048576K
}
Event: 148.578 GC heap after
{Heap after GC invocations=37 (full 3):
 PSYoungGen      total 6144K, used 2560K [0x00000000eab00000, 0x00000000edf00000, 0x0000000100000000)
  eden space 3584K, 0% used [0x00000000eab00000,0x00000000eab00000,0x00000000eae80000)
  from space 2560K, 100% used [0x00000000ebf80000,0x00000000ec200000,0x00000000ec200000)
  to   space 17408K, 0% used [0x00000000eae80000,0x00000000eae80000,0x00000000ebf80000)
 ParOldGen       total 90112K, used 89977K [0x00000000c0000000, 0x00000000c5800000, 0x00000000eab00000)
  object space 90112K, 99% used [0x00000000c0000000,0x00000000c57de5c8,0x00000000c5800000)
 Metaspace       used 63242K, committed 64128K, reserved 1114112K
  class space    used 6586K, committed 6912K, reserved 1048576K
}
Event: 148.578 GC heap before
{Heap before GC invocations=38 (full 4):
 PSYoungGen      total 6144K, used 2560K [0x00000000eab00000, 0x00000000edf00000, 0x0000000100000000)
  eden space 3584K, 0% used [0x00000000eab00000,0x00000000eab00000,0x00000000eae80000)
  from space 2560K, 100% used [0x00000000ebf80000,0x00000000ec200000,0x00000000ec200000)
  to   space 17408K, 0% used [0x00000000eae80000,0x00000000eae80000,0x00000000ebf80000)
 ParOldGen       total 90112K, used 89977K [0x00000000c0000000, 0x00000000c5800000, 0x00000000eab00000)
  object space 90112K, 99% used [0x00000000c0000000,0x00000000c57de5c8,0x00000000c5800000)
 Metaspace       used 63242K, committed 64128K, reserved 1114112K
  class space    used 6586K, committed 6912K, reserved 1048576K
}

Deoptimization events (20 events):
Event: 147.751 Thread 0x000001e206a3c4e0 DEOPT PACKING pc=0x000001e277db929c sp=0x0000001a23cfd770
Event: 147.751 Thread 0x000001e206a3c4e0 DEOPT UNPACKING pc=0x000001e2702220a3 sp=0x0000001a23cfd6e0 mode 2
Event: 147.753 Thread 0x000001e206a3c4e0 Uncommon trap: trap_request=0xffffff45 fr.pc=0x000001e277db90d8 relative=0x00000000000009b8
Event: 147.753 Thread 0x000001e206a3c4e0 Uncommon trap: reason=unstable_if action=reinterpret pc=0x000001e277db90d8 method=java.util.concurrent.ConcurrentHashMap.putVal(Ljava/lang/Object;Ljava/lang/Object;Z)Ljava/lang/Object; @ 97 c2
Event: 147.753 Thread 0x000001e206a3c4e0 DEOPT PACKING pc=0x000001e277db90d8 sp=0x0000001a23cfdb80
Event: 147.753 Thread 0x000001e206a3c4e0 DEOPT UNPACKING pc=0x000001e2702220a3 sp=0x0000001a23cfdb08 mode 2
Event: 147.763 Thread 0x000001e206a3c4e0 DEOPT PACKING pc=0x000001e270f153d7 sp=0x0000001a23cfe4c0
Event: 147.763 Thread 0x000001e206a3c4e0 DEOPT UNPACKING pc=0x000001e270222843 sp=0x0000001a23cfd9c8 mode 3
Event: 148.365 Thread 0x000001e206a3f030 Uncommon trap: trap_request=0xffffffde fr.pc=0x000001e277dfa4bc relative=0x000000000000151c
Event: 148.365 Thread 0x000001e206a3f030 Uncommon trap: reason=class_check action=maybe_recompile pc=0x000001e277dfa4bc method=java.util.zip.InflaterInputStream.read([BII)I @ 100 c2
Event: 148.365 Thread 0x000001e206a3f030 DEOPT PACKING pc=0x000001e277dfa4bc sp=0x0000001a246fedb0
Event: 148.365 Thread 0x000001e206a3f030 DEOPT UNPACKING pc=0x000001e2702220a3 sp=0x0000001a246fee00 mode 2
Event: 148.366 Thread 0x000001e206a3f030 Uncommon trap: trap_request=0xffffffde fr.pc=0x000001e277dfa4bc relative=0x000000000000151c
Event: 148.366 Thread 0x000001e206a3f030 Uncommon trap: reason=class_check action=maybe_recompile pc=0x000001e277dfa4bc method=java.util.zip.InflaterInputStream.read([BII)I @ 100 c2
Event: 148.366 Thread 0x000001e206a3f030 DEOPT PACKING pc=0x000001e277dfa4bc sp=0x0000001a246fedb0
Event: 148.366 Thread 0x000001e206a3f030 DEOPT UNPACKING pc=0x000001e2702220a3 sp=0x0000001a246fee00 mode 2
Event: 148.494 Thread 0x000001e206a3a800 Uncommon trap: trap_request=0xffffff45 fr.pc=0x000001e277d7df6c relative=0x00000000000002cc
Event: 148.494 Thread 0x000001e206a3a800 Uncommon trap: reason=unstable_if action=reinterpret pc=0x000001e277d7df6c method=java.util.HashMap$HashIterator.<init>(Ljava/util/HashMap;)V @ 45 c2
Event: 148.494 Thread 0x000001e206a3a800 DEOPT PACKING pc=0x000001e277d7df6c sp=0x0000001a242fef40
Event: 148.494 Thread 0x000001e206a3a800 DEOPT UNPACKING pc=0x000001e2702220a3 sp=0x0000001a242fee08 mode 2

Classes unloaded (7 events):
Event: 56.711 Thread 0x000001e27f3395d0 Unloading class 0x000000010021c800 'java/lang/invoke/LambdaForm$MH+0x000000010021c800'
Event: 56.711 Thread 0x000001e27f3395d0 Unloading class 0x000000010021c400 'java/lang/invoke/LambdaForm$MH+0x000000010021c400'
Event: 56.711 Thread 0x000001e27f3395d0 Unloading class 0x000000010021c000 'java/lang/invoke/LambdaForm$MH+0x000000010021c000'
Event: 56.711 Thread 0x000001e27f3395d0 Unloading class 0x000000010021bc00 'java/lang/invoke/LambdaForm$MH+0x000000010021bc00'
Event: 56.712 Thread 0x000001e27f3395d0 Unloading class 0x000000010021b400 'java/lang/invoke/LambdaForm$BMH+0x000000010021b400'
Event: 56.712 Thread 0x000001e27f3395d0 Unloading class 0x000000010021b000 'java/lang/invoke/LambdaForm$DMH+0x000000010021b000'
Event: 56.712 Thread 0x000001e27f3395d0 Unloading class 0x0000000100218400 'java/lang/invoke/LambdaForm$DMH+0x0000000100218400'

Classes redefined (0 events):
No events

Internal exceptions (20 events):
Event: 127.593 Thread 0x000001e2033d6990 Exception <a 'sun/nio/fs/WindowsException'{0x00000000ead24378}> (0x00000000ead24378) 
thrown [s\src\hotspot\share\prims\jni.cpp, line 516]
Event: 128.713 Thread 0x000001e2033d7330 Exception <a 'java/lang/NoSuchMethodError'{0x00000000eb5c6910}: 'int java.lang.invoke.DirectMethodHandle$Holder.invokeStatic(java.lang.Object, java.lang.Object, java.lang.Object, int)'> (0x00000000eb5c6910) 
thrown [s\src\hotspot\share\interpreter\linkResolver.cpp, line 759]
Event: 128.758 Thread 0x000001e2033d7330 Exception <a 'java/lang/NoSuchMethodError'{0x00000000eb681660}: 'int java.lang.invoke.DirectMethodHandle$Holder.invokeVirtual(java.lang.Object, java.lang.Object, java.lang.Object)'> (0x00000000eb681660) 
thrown [s\src\hotspot\share\interpreter\linkResolver.cpp, line 759]
Event: 130.064 Thread 0x000001e2033d7330 Exception <a 'java/io/FileNotFoundException'{0x00000000eb938478}> (0x00000000eb938478) 
thrown [s\src\hotspot\share\prims\jni.cpp, line 516]
Event: 131.219 Thread 0x000001e2033d7800 Exception <a 'java/lang/NoSuchMethodError'{0x00000000eb559200}: 'java.lang.Object java.lang.invoke.DirectMethodHandle$Holder.invokeStatic(java.lang.Object, java.lang.Object, java.lang.Object, long)'> (0x00000000eb559200) 
thrown [s\src\hotspot\share\interpreter\linkResolver.cpp, line 759]
Event: 131.220 Thread 0x000001e2033d7800 Exception <a 'java/lang/NoSuchMethodError'{0x00000000eb561560}: 'java.lang.Object java.lang.invoke.DirectMethodHandle$Holder.newInvokeSpecial(java.lang.Object, java.lang.Object, java.lang.Object, long)'> (0x00000000eb561560) 
thrown [s\src\hotspot\share\interpreter\linkResolver.cpp, line 759]
Event: 131.220 Thread 0x000001e2033d7800 Exception <a 'java/lang/NoSuchMethodError'{0x00000000eb565d88}: 'java.lang.Object java.lang.invoke.DirectMethodHandle$Holder.invokeSpecial(java.lang.Object, java.lang.Object, java.lang.Object, java.lang.Object, long)'> (0x00000000eb565d88) 
thrown [s\src\hotspot\share\interpreter\linkResolver.cpp, line 759]
Event: 131.221 Thread 0x000001e2033d7800 Exception <a 'java/lang/NoSuchMethodError'{0x00000000eb56a058}: 'java.lang.Object java.lang.invoke.Invokers$Holder.linkToTargetMethod(java.lang.Object, java.lang.Object, long, java.lang.Object)'> (0x00000000eb56a058) 
thrown [s\src\hotspot\share\interpreter\linkResolver.cpp, line 759]
Event: 131.755 Thread 0x000001e2033d7800 Exception <a 'java/io/FileNotFoundException'{0x00000000ead6b6e8}> (0x00000000ead6b6e8) 
thrown [s\src\hotspot\share\prims\jni.cpp, line 516]
Event: 131.755 Thread 0x000001e2033d7800 Exception <a 'java/io/FileNotFoundException'{0x00000000ead6cf10}> (0x00000000ead6cf10) 
thrown [s\src\hotspot\share\prims\jni.cpp, line 516]
Event: 133.273 Thread 0x000001e2033d7800 Exception <a 'java/lang/NoSuchMethodError'{0x00000000eb330ec8}: 'java.lang.Object java.lang.invoke.DirectMethodHandle$Holder.invokeSpecial(java.lang.Object, java.lang.Object, java.lang.Object, int, java.lang.Object)'> (0x00000000eb330ec8) 
thrown [s\src\hotspot\share\interpreter\linkResolver.cpp, line 759]
Event: 133.274 Thread 0x000001e2033d7800 Exception <a 'java/lang/NoSuchMethodError'{0x00000000eb3385b8}: 'java.lang.Object java.lang.invoke.DirectMethodHandle$Holder.newInvokeSpecial(java.lang.Object, java.lang.Object, java.lang.Object, int)'> (0x00000000eb3385b8) 
thrown [s\src\hotspot\share\interpreter\linkResolver.cpp, line 759]
Event: 133.274 Thread 0x000001e2033d7800 Exception <a 'java/lang/NoSuchMethodError'{0x00000000eb33c6c0}: 'java.lang.Object java.lang.invoke.DirectMethodHandle$Holder.invokeSpecial(java.lang.Object, java.lang.Object, java.lang.Object, java.lang.Object, int)'> (0x00000000eb33c6c0) 
thrown [s\src\hotspot\share\interpreter\linkResolver.cpp, line 759]
Event: 133.275 Thread 0x000001e2033d7800 Exception <a 'java/lang/NoSuchMethodError'{0x00000000eb33fdc8}: 'java.lang.Object java.lang.invoke.Invokers$Holder.linkToTargetMethod(java.lang.Object, java.lang.Object, int, java.lang.Object)'> (0x00000000eb33fdc8) 
thrown [s\src\hotspot\share\interpreter\linkResolver.cpp, line 759]
Event: 134.903 Thread 0x000001e206a3b670 Exception <a 'java/lang/NoSuchMethodError'{0x00000000eb309470}: 'java.lang.Object java.lang.invoke.DirectMethodHandle$Holder.invokeStatic(java.lang.Object, java.lang.Object, int, java.lang.Object)'> (0x00000000eb309470) 
thrown [s\src\hotspot\share\interpreter\linkResolver.cpp, line 759]
Event: 134.904 Thread 0x000001e206a3b670 Exception <a 'java/lang/NoSuchMethodError'{0x00000000eb310900}: 'java.lang.Object java.lang.invoke.DirectMethodHandle$Holder.newInvokeSpecial(java.lang.Object, java.lang.Object, int)'> (0x00000000eb310900) 
thrown [s\src\hotspot\share\interpreter\linkResolver.cpp, line 759]
Event: 144.931 Thread 0x000001e2033d6990 Exception <a 'sun/nio/fs/WindowsException'{0x00000000ebc64c68}> (0x00000000ebc64c68) 
thrown [s\src\hotspot\share\prims\jni.cpp, line 516]
Event: 146.458 Thread 0x000001e206a3c4e0 Exception <a 'java/lang/ArrayIndexOutOfBoundsException'{0x00000000eb1b9138}: Index 35 out of bounds for length 35> (0x00000000eb1b9138) 
thrown [s\src\hotspot\share\interpreter\interpreterRuntime.cpp, line 428]
Event: 146.458 Thread 0x000001e206a3c4e0 Exception <a 'java/lang/ArrayIndexOutOfBoundsException'{0x00000000eb1b9578}: Index 35 out of bounds for length 35> (0x00000000eb1b9578) 
thrown [s\src\hotspot\share\interpreter\interpreterRuntime.cpp, line 428]
Event: 146.458 Thread 0x000001e206a3c4e0 Exception <a 'java/lang/ArrayIndexOutOfBoundsException'{0x00000000eb1b9958}: Index 36 out of bounds for length 35> (0x00000000eb1b9958) 
thrown [s\src\hotspot\share\interpreter\interpreterRuntime.cpp, line 428]

VM Operations (20 events):
Event: 146.430 Executing VM operation: HandshakeAllThreads done
Event: 146.434 Executing VM operation: HandshakeAllThreads
Event: 146.434 Executing VM operation: HandshakeAllThreads done
Event: 146.438 Executing VM operation: HandshakeAllThreads
Event: 146.439 Executing VM operation: HandshakeAllThreads done
Event: 146.861 Executing VM operation: HandshakeAllThreads
Event: 146.861 Executing VM operation: HandshakeAllThreads done
Event: 147.226 Executing VM operation: HandshakeAllThreads
Event: 147.226 Executing VM operation: HandshakeAllThreads done
Event: 147.226 Executing VM operation: Cleanup
Event: 147.226 Executing VM operation: Cleanup done
Event: 147.422 Executing VM operation: HandshakeAllThreads
Event: 147.422 Executing VM operation: HandshakeAllThreads done
Event: 147.763 Executing VM operation: HandshakeAllThreads
Event: 147.763 Executing VM operation: HandshakeAllThreads done
Event: 148.372 Executing VM operation: ParallelGCFailedAllocation
Event: 148.377 Executing VM operation: ParallelGCFailedAllocation done
Event: 148.479 Executing VM operation: ParallelGCFailedAllocation
Event: 148.484 Executing VM operation: ParallelGCFailedAllocation done
Event: 148.555 Executing VM operation: ParallelGCFailedAllocation

Events (20 events):
Event: 148.502 loading class jdk/internal/logger/SimpleConsoleLogger$Formatting
Event: 148.502 loading class jdk/internal/logger/SimpleConsoleLogger$Formatting done
Event: 148.502 loading class java/util/logging/ErrorManager
Event: 148.503 loading class java/util/logging/ErrorManager done
Event: 148.504 loading class java/util/logging/Handler$1
Event: 148.504 loading class java/util/logging/Handler$1 done
Event: 148.504 loading class java/util/logging/StreamHandler$1
Event: 148.505 loading class java/util/logging/StreamHandler$1 done
Event: 148.505 loading class java/util/logging/LogManager$CloseOnReset
Event: 148.505 loading class java/util/logging/LogManager$CloseOnReset done
Event: 148.505 loading class java/time/ZoneId
Event: 148.506 loading class java/time/ZoneId done
Event: 148.506 loading class java/time/ZoneRegion
Event: 148.506 loading class java/time/ZoneRegion done
Event: 148.506 loading class java/time/zone/ZoneRulesProvider
Event: 148.506 loading class java/time/zone/ZoneRulesProvider done
Event: 148.507 loading class java/time/zone/ZoneRulesProvider$1
Event: 148.507 loading class java/time/zone/ZoneRulesProvider$1 done
Event: 148.507 loading class java/time/zone/TzdbZoneRulesProvider
Event: 148.507 loading class java/time/zone/TzdbZoneRulesProvider done


Dynamic libraries:
0x00007ff7ae5e0000 - 0x00007ff7ae5ee000 	c:\Users\sujee\.vscode\extensions\redhat.java-1.10.0-win32-x64\jre\17.0.4-win32-x86_64\bin\java.exe
0x00007ffcf54e0000 - 0x00007ffcf56e9000 	C:\WINDOWS\SYSTEM32\ntdll.dll
0x00007ffcf51b0000 - 0x00007ffcf526d000 	C:\WINDOWS\System32\KERNEL32.DLL
0x00007ffcf2cf0000 - 0x00007ffcf306c000 	C:\WINDOWS\System32\KERNELBASE.dll
0x00007ffcf2a60000 - 0x00007ffcf2b71000 	C:\WINDOWS\System32\ucrtbase.dll
0x00007ffce75c0000 - 0x00007ffce75d9000 	c:\Users\sujee\.vscode\extensions\redhat.java-1.10.0-win32-x64\jre\17.0.4-win32-x86_64\bin\VCRUNTIME140.dll
0x00007ffce1150000 - 0x00007ffce1168000 	c:\Users\sujee\.vscode\extensions\redhat.java-1.10.0-win32-x64\jre\17.0.4-win32-x86_64\bin\jli.dll
0x00007ffcf3470000 - 0x00007ffcf361d000 	C:\WINDOWS\System32\USER32.dll
0x00007ffcf29c0000 - 0x00007ffcf29e6000 	C:\WINDOWS\System32\win32u.dll
0x00007ffcf3430000 - 0x00007ffcf3459000 	C:\WINDOWS\System32\GDI32.dll
0x00007ffcdc1a0000 - 0x00007ffcdc445000 	C:\WINDOWS\WinSxS\amd64_microsoft.windows.common-controls_6595b64144ccf1df_6.0.22000.120_none_9d947278b86cc467\COMCTL32.dll
0x00007ffcf31b0000 - 0x00007ffcf32c9000 	C:\WINDOWS\System32\gdi32full.dll
0x00007ffcf32d0000 - 0x00007ffcf336d000 	C:\WINDOWS\System32\msvcp_win.dll
0x00007ffcf3e90000 - 0x00007ffcf3f33000 	C:\WINDOWS\System32\msvcrt.dll
0x00007ffcf37d0000 - 0x00007ffcf3801000 	C:\WINDOWS\System32\IMM32.DLL
0x00007ffcec310000 - 0x00007ffcec31c000 	c:\Users\sujee\.vscode\extensions\redhat.java-1.10.0-win32-x64\jre\17.0.4-win32-x86_64\bin\vcruntime140_1.dll
0x00007ffcbb590000 - 0x00007ffcbb621000 	c:\Users\sujee\.vscode\extensions\redhat.java-1.10.0-win32-x64\jre\17.0.4-win32-x86_64\bin\msvcp140.dll
0x00007ffc9b5d0000 - 0x00007ffc9c216000 	c:\Users\sujee\.vscode\extensions\redhat.java-1.10.0-win32-x64\jre\17.0.4-win32-x86_64\bin\server\jvm.dll
0x00007ffcf4c90000 - 0x00007ffcf4d3e000 	C:\WINDOWS\System32\ADVAPI32.dll
0x00007ffcf3980000 - 0x00007ffcf3a1e000 	C:\WINDOWS\System32\sechost.dll
0x00007ffcf3620000 - 0x00007ffcf3740000 	C:\WINDOWS\System32\RPCRT4.dll
0x00007ffcf3f40000 - 0x00007ffcf3f48000 	C:\WINDOWS\System32\PSAPI.DLL
0x00007ffcedef0000 - 0x00007ffcedf23000 	C:\WINDOWS\SYSTEM32\WINMM.dll
0x00007ffcec380000 - 0x00007ffcec38a000 	C:\WINDOWS\SYSTEM32\VERSION.dll
0x00007ffce9780000 - 0x00007ffce9789000 	C:\WINDOWS\SYSTEM32\WSOCK32.dll
0x00007ffcf3b60000 - 0x00007ffcf3bcf000 	C:\WINDOWS\System32\WS2_32.dll
0x00007ffcf1ab0000 - 0x00007ffcf1ac8000 	C:\WINDOWS\SYSTEM32\kernel.appcore.dll
0x00007ffce94d0000 - 0x00007ffce94da000 	c:\Users\sujee\.vscode\extensions\redhat.java-1.10.0-win32-x64\jre\17.0.4-win32-x86_64\bin\jimage.dll
0x00007ffcf0600000 - 0x00007ffcf0821000 	C:\WINDOWS\SYSTEM32\DBGHELP.DLL
0x00007ffcecf00000 - 0x00007ffcecf31000 	C:\WINDOWS\SYSTEM32\dbgcore.DLL
0x00007ffcf3070000 - 0x00007ffcf30ef000 	C:\WINDOWS\System32\bcryptPrimitives.dll
0x00007ffce7030000 - 0x00007ffce703e000 	c:\Users\sujee\.vscode\extensions\redhat.java-1.10.0-win32-x64\jre\17.0.4-win32-x86_64\bin\instrument.dll
0x00007ffcdf800000 - 0x00007ffcdf825000 	c:\Users\sujee\.vscode\extensions\redhat.java-1.10.0-win32-x64\jre\17.0.4-win32-x86_64\bin\java.dll
0x00007ffcdf180000 - 0x00007ffcdf198000 	c:\Users\sujee\.vscode\extensions\redhat.java-1.10.0-win32-x64\jre\17.0.4-win32-x86_64\bin\zip.dll
0x00007ffcf44d0000 - 0x00007ffcf4c88000 	C:\WINDOWS\System32\SHELL32.dll
0x00007ffcf0c10000 - 0x00007ffcf1478000 	C:\WINDOWS\SYSTEM32\windows.storage.dll
0x00007ffcf40f0000 - 0x00007ffcf4469000 	C:\WINDOWS\System32\combase.dll
0x00007ffcf09f0000 - 0x00007ffcf0b56000 	C:\WINDOWS\SYSTEM32\wintypes.dll
0x00007ffcf3da0000 - 0x00007ffcf3e8a000 	C:\WINDOWS\System32\SHCORE.dll
0x00007ffcf3890000 - 0x00007ffcf38ed000 	C:\WINDOWS\System32\shlwapi.dll
0x00007ffcf28f0000 - 0x00007ffcf2911000 	C:\WINDOWS\SYSTEM32\profapi.dll
0x00007ffcd83a0000 - 0x00007ffcd83b9000 	C:\Users\sujee\.vscode\extensions\redhat.java-1.10.0-win32-x64\jre\17.0.4-win32-x86_64\bin\net.dll
0x00007ffce9f10000 - 0x00007ffcea01c000 	C:\WINDOWS\SYSTEM32\WINHTTP.dll
0x00007ffcf1ee0000 - 0x00007ffcf1f47000 	C:\WINDOWS\system32\mswsock.dll
0x00007ffcd7fe0000 - 0x00007ffcd7ff5000 	C:\Users\sujee\.vscode\extensions\redhat.java-1.10.0-win32-x64\jre\17.0.4-win32-x86_64\bin\nio.dll
0x00007ffce2710000 - 0x00007ffce2720000 	c:\Users\sujee\.vscode\extensions\redhat.java-1.10.0-win32-x64\jre\17.0.4-win32-x86_64\bin\verify.dll
0x00007ffcd1100000 - 0x00007ffcd113e000 	C:\Users\sujee\AppData\Roaming\Code\User\globalStorage\redhat.java\1.10.0\config_win\org.eclipse.equinox.launcher\org.eclipse.equinox.launcher.win32.win32.x86_64_1.2.500.v20220509-0833\eclipse_11700.dll
0x00007ffcf3f50000 - 0x00007ffcf40ea000 	C:\WINDOWS\System32\ole32.dll
0x00007ffcf2120000 - 0x00007ffcf2138000 	C:\WINDOWS\SYSTEM32\CRYPTSP.dll
0x00007ffcf1a10000 - 0x00007ffcf1a45000 	C:\WINDOWS\system32\rsaenh.dll
0x00007ffcf1fd0000 - 0x00007ffcf1ff9000 	C:\WINDOWS\SYSTEM32\USERENV.dll
0x00007ffcf22b0000 - 0x00007ffcf22d7000 	C:\WINDOWS\SYSTEM32\bcrypt.dll
0x00007ffcf2140000 - 0x00007ffcf214c000 	C:\WINDOWS\SYSTEM32\CRYPTBASE.dll
0x00007ffcf14b0000 - 0x00007ffcf14dd000 	C:\WINDOWS\SYSTEM32\IPHLPAPI.DLL
0x00007ffcf3bd0000 - 0x00007ffcf3bd9000 	C:\WINDOWS\System32\NSI.dll
0x00007ffce9ef0000 - 0x00007ffce9f09000 	C:\WINDOWS\SYSTEM32\dhcpcsvc6.DLL
0x00007ffcea070000 - 0x00007ffcea08e000 	C:\WINDOWS\SYSTEM32\dhcpcsvc.DLL
0x00007ffcf14e0000 - 0x00007ffcf15c8000 	C:\WINDOWS\SYSTEM32\DNSAPI.dll
0x00007ffccfa10000 - 0x00007ffccfa54000 	C:\Users\sujee\AppData\Local\Temp\jna-109795560\jna12516048014647036255.dll
0x00007ffcef660000 - 0x00007ffcef66e000 	C:\Users\sujee\.vscode\extensions\redhat.java-1.10.0-win32-x64\jre\17.0.4-win32-x86_64\bin\sunmscapi.dll
0x00007ffcf2b80000 - 0x00007ffcf2ce2000 	C:\WINDOWS\System32\CRYPT32.dll
0x00007ffcf2280000 - 0x00007ffcf22a8000 	C:\WINDOWS\SYSTEM32\ncrypt.dll
0x00007ffcf2240000 - 0x00007ffcf2277000 	C:\WINDOWS\SYSTEM32\NTASN1.dll
0x00007ffce38a0000 - 0x00007ffce38aa000 	C:\Windows\System32\rasadhlp.dll

dbghelp: loaded successfully - version: 4.0.5 - missing functions: none
symbol engine: initialized successfully - sym options: 0x614 - pdb path: .;c:\Users\sujee\.vscode\extensions\redhat.java-1.10.0-win32-x64\jre\17.0.4-win32-x86_64\bin;C:\WINDOWS\SYSTEM32;C:\WINDOWS\WinSxS\amd64_microsoft.windows.common-controls_6595b64144ccf1df_6.0.22000.120_none_9d947278b86cc467;c:\Users\sujee\.vscode\extensions\redhat.java-1.10.0-win32-x64\jre\17.0.4-win32-x86_64\bin\server;C:\Users\sujee\AppData\Roaming\Code\User\globalStorage\redhat.java\1.10.0\config_win\org.eclipse.equinox.launcher\org.eclipse.equinox.launcher.win32.win32.x86_64_1.2.500.v20220509-0833;C:\Users\sujee\AppData\Local\Temp\jna-109795560

VM Arguments:
jvm_args: --add-modules=ALL-SYSTEM --add-opens=java.base/java.util=ALL-UNNAMED --add-opens=java.base/java.lang=ALL-UNNAMED --add-opens=java.base/sun.nio.fs=ALL-UNNAMED -Declipse.application=org.eclipse.jdt.ls.core.id1 -Dosgi.bundles.defaultStartLevel=4 -Declipse.product=org.eclipse.jdt.ls.core.product -Djava.import.generatesMetadataFilesAtProjectRoot=false -Dfile.encoding=utf8 -DwatchParentProcess=false -XX:+UseParallelGC -XX:GCTimeRatio=4 -XX:AdaptiveSizePolicyWeight=90 -Dsun.zip.disableMemoryMapping=true -Xmx1G -Xms100m -Xlog:jni+resolve=off -javaagent:c:\Users\sujee\.vscode\extensions\redhat.java-1.10.0-win32-x64\lombok\lombok-1.18.24.jar -XX:+HeapDumpOnOutOfMemoryError -XX:HeapDumpPath=c:\Users\sujee\AppData\Roaming\Code\User\workspaceStorage\3c3b48db70bf1ac783ccb358d33afde3\redhat.java 
java_command: c:\Users\sujee\.vscode\extensions\redhat.java-1.10.0-win32-x64\server\plugins\org.eclipse.equinox.launcher_1.6.400.v20210924-0641.jar -configuration c:\Users\sujee\AppData\Roaming\Code\User\globalStorage\redhat.java\1.10.0\config_win -data c:\Users\sujee\AppData\Roaming\Code\User\workspaceStorage\3c3b48db70bf1ac783ccb358d33afde3\redhat.java\jdt_ws
java_class_path (initial): c:\Users\sujee\.vscode\extensions\redhat.java-1.10.0-win32-x64\server\plugins\org.eclipse.equinox.launcher_1.6.400.v20210924-0641.jar
Launcher Type: SUN_STANDARD

[Global flags]
    uintx AdaptiveSizePolicyWeight                 = 90                                        {product} {command line}
     intx CICompilerCount                          = 3                                         {product} {ergonomic}
    uintx GCTimeRatio                              = 4                                         {product} {command line}
     bool HeapDumpOnOutOfMemoryError               = true                                   {manageable} {command line}
    ccstr HeapDumpPath                             = c:\Users\sujee\AppData\Roaming\Code\User\workspaceStorage\3c3b48db70bf1ac783ccb358d33afde3\redhat.java         {manageable} {command line}
   size_t InitialHeapSize                          = 104857600                                 {product} {command line}
   size_t MaxHeapSize                              = 1073741824                                {product} {command line}
   size_t MaxNewSize                               = 357564416                                 {product} {ergonomic}
   size_t MinHeapDeltaBytes                        = 524288                                    {product} {ergonomic}
   size_t MinHeapSize                              = 104857600                                 {product} {command line}
   size_t NewSize                                  = 34603008                                  {product} {ergonomic}
    uintx NonNMethodCodeHeapSize                   = 5832780                                {pd product} {ergonomic}
    uintx NonProfiledCodeHeapSize                  = 122912730                              {pd product} {ergonomic}
   size_t OldSize                                  = 70254592                                  {product} {ergonomic}
    uintx ProfiledCodeHeapSize                     = 122912730                              {pd product} {ergonomic}
    uintx ReservedCodeCacheSize                    = 251658240                              {pd product} {ergonomic}
     bool SegmentedCodeCache                       = true                                      {product} {ergonomic}
   size_t SoftMaxHeapSize                          = 1073741824                             {manageable} {ergonomic}
     bool UseCompressedClassPointers               = true                           {product lp64_product} {ergonomic}
     bool UseCompressedOops                        = true                           {product lp64_product} {ergonomic}
     bool UseLargePagesIndividualAllocation        = false                                  {pd product} {ergonomic}
     bool UseParallelGC                            = true                                      {product} {command line}

Logging:
Log output configuration:
 #0: stdout all=warning,jni+resolve=off uptime,level,tags
 #1: stderr all=off uptime,level,tags

Environment Variables:
PATH=C:\Program Files\Common Files\Oracle\Java\javapath;C:\WINDOWS\system32;C:\WINDOWS;C:\WINDOWS\System32\Wbem;C:\WINDOWS\System32\WindowsPowerShell\v1.0\;C:\WINDOWS\System32\OpenSSH\;C:\Program Files\MiKTeX\miktex\bin\x64\;C:\Program Files\nodejs\;C:\Program Files\Git\cmd;C:\Users\sujee\AppData\Local\Microsoft\WindowsApps;;C:\Users\sujee\AppData\Local\Programs\Microsoft VS Code\bin;C:\Users\sujee\AppData\Roaming\npm
USERNAME=sujee
OS=Windows_NT
PROCESSOR_IDENTIFIER=AMD64 Family 23 Model 24 Stepping 1, AuthenticAMD
TMP=C:\Users\sujee\AppData\Local\Temp
TEMP=C:\Users\sujee\AppData\Local\Temp



---------------  S Y S T E M  ---------------

OS:
 Windows 11 , 64 bit Build 22000 (10.0.22000.708)
OS uptime: 2 days 0:53 hours

CPU: total 4 (initial active 4) (4 cores per cpu, 2 threads per core) family 23 model 24 stepping 1 microcode 0x0, cx8, cmov, fxsr, ht, mmx, 3dnowpref, sse, sse2, sse3, ssse3, sse4a, sse4.1, sse4.2, popcnt, lzcnt, tsc, tscinvbit, avx, avx2, aes, clmul, bmi1, bmi2, adx, sha, fma, vzeroupper, clflush, clflushopt

Memory: 4k page, system-wide physical 2964M (198M free)
TotalPageFile size 6420M (AvailPageFile size 1937M)
current process WorkingSet (physical memory assigned to process): 280M, peak: 280M
current process commit charge ("private bytes"): 342M, peak: 342M

vm_info: OpenJDK 64-Bit Server VM (17.0.4+8) for windows-amd64 JRE (17.0.4+8), built on Jul 19 2022 16:05:16 by "temurin" with MS VC++ 16.7 (VS2019)

END.
